DEBUG:root:This message should go to the log file
INFO:root:So should this
WARNING:root:And this, too
DEBUG:urllib3.connectionpool:Starting new HTTP connection (1): api.openweathermap.org
DEBUG:urllib3.connectionpool:http://api.openweathermap.org:80 "GET /data/2.5/weather?APPID=c43bc3dde66dd14fbc40f19e4f6fbc60&units=imperial&q=bambous+virieux,mu HTTP/1.1" 200 451
DEBUG:urllib3.connectionpool:Starting new HTTP connection (1): api.openweathermap.org
DEBUG:urllib3.connectionpool:http://api.openweathermap.org:80 "GET /data/2.5/weather?APPID=c43bc3dde66dd14fbc40f19e4f6fbc60&units=imperial&q=kodiak,us HTTP/1.1" 200 440
DEBUG:urllib3.connectionpool:Starting new HTTP connection (1): api.openweathermap.org
DEBUG:urllib3.connectionpool:http://api.openweathermap.org:80 "GET /data/2.5/weather?APPID=c43bc3dde66dd14fbc40f19e4f6fbc60&units=imperial&q=rikitea,pf HTTP/1.1" 200 474
DEBUG:urllib3.connectionpool:Starting new HTTP connection (1): api.openweathermap.org
DEBUG:urllib3.connectionpool:http://api.openweathermap.org:80 "GET /data/2.5/weather?APPID=c43bc3dde66dd14fbc40f19e4f6fbc60&units=imperial&q=komsomolskiy,ru HTTP/1.1" 200 459
DEBUG:urllib3.connectionpool:Starting new HTTP connection (1): api.openweathermap.org
DEBUG:urllib3.connectionpool:http://api.openweathermap.org:80 "GET /data/2.5/weather?APPID=c43bc3dde66dd14fbc40f19e4f6fbc60&units=imperial&q=hobart,au HTTP/1.1" 200 444
DEBUG:urllib3.connectionpool:Starting new HTTP connection (1): api.openweathermap.org
DEBUG:urllib3.connectionpool:http://api.openweathermap.org:80 "GET /data/2.5/weather?APPID=c43bc3dde66dd14fbc40f19e4f6fbc60&units=imperial&q=ushuaia,ar HTTP/1.1" 200 443
DEBUG:urllib3.connectionpool:Starting new HTTP connection (1): api.openweathermap.org
DEBUG:urllib3.connectionpool:http://api.openweathermap.org:80 "GET /data/2.5/weather?APPID=c43bc3dde66dd14fbc40f19e4f6fbc60&units=imperial&q=fallon,us HTTP/1.1" 200 440
DEBUG:urllib3.connectionpool:Starting new HTTP connection (1): api.openweathermap.org
DEBUG:urllib3.connectionpool:http://api.openweathermap.org:80 "GET /data/2.5/weather?APPID=c43bc3dde66dd14fbc40f19e4f6fbc60&units=imperial&q=kavieng,pg HTTP/1.1" 200 473
DEBUG:urllib3.connectionpool:Starting new HTTP connection (1): api.openweathermap.org
DEBUG:urllib3.connectionpool:http://api.openweathermap.org:80 "GET /data/2.5/weather?APPID=c43bc3dde66dd14fbc40f19e4f6fbc60&units=imperial&q=arraial+do+cabo,br HTTP/1.1" 200 480
DEBUG:urllib3.connectionpool:Starting new HTTP connection (1): api.openweathermap.org
DEBUG:urllib3.connectionpool:http://api.openweathermap.org:80 "GET /data/2.5/weather?APPID=c43bc3dde66dd14fbc40f19e4f6fbc60&units=imperial&q=oistins,bb HTTP/1.1" 200 447
DEBUG:urllib3.connectionpool:Starting new HTTP connection (1): api.openweathermap.org
DEBUG:urllib3.connectionpool:http://api.openweathermap.org:80 "GET /data/2.5/weather?APPID=c43bc3dde66dd14fbc40f19e4f6fbc60&units=imperial&q=rawannawi,ki HTTP/1.1" 404 40
DEBUG:urllib3.connectionpool:Starting new HTTP connection (1): api.openweathermap.org
DEBUG:urllib3.connectionpool:http://api.openweathermap.org:80 "GET /data/2.5/weather?APPID=c43bc3dde66dd14fbc40f19e4f6fbc60&units=imperial&q=vaini,to HTTP/1.1" 200 442
DEBUG:urllib3.connectionpool:Starting new HTTP connection (1): api.openweathermap.org
DEBUG:urllib3.connectionpool:http://api.openweathermap.org:80 "GET /data/2.5/weather?APPID=c43bc3dde66dd14fbc40f19e4f6fbc60&units=imperial&q=barentsburg,sj HTTP/1.1" 404 40
DEBUG:urllib3.connectionpool:Starting new HTTP connection (1): api.openweathermap.org
DEBUG:urllib3.connectionpool:http://api.openweathermap.org:80 "GET /data/2.5/weather?APPID=c43bc3dde66dd14fbc40f19e4f6fbc60&units=imperial&q=bairiki,ki HTTP/1.1" 404 40
DEBUG:urllib3.connectionpool:Starting new HTTP connection (1): api.openweathermap.org
DEBUG:urllib3.connectionpool:http://api.openweathermap.org:80 "GET /data/2.5/weather?APPID=c43bc3dde66dd14fbc40f19e4f6fbc60&units=imperial&q=channel-port+aux+basques,ca HTTP/1.1" 200 475
DEBUG:urllib3.connectionpool:Starting new HTTP connection (1): api.openweathermap.org
DEBUG:urllib3.connectionpool:http://api.openweathermap.org:80 "GET /data/2.5/weather?APPID=c43bc3dde66dd14fbc40f19e4f6fbc60&units=imperial&q=gisborne,nz HTTP/1.1" 200 478
DEBUG:urllib3.connectionpool:Starting new HTTP connection (1): api.openweathermap.org
DEBUG:urllib3.connectionpool:http://api.openweathermap.org:80 "GET /data/2.5/weather?APPID=c43bc3dde66dd14fbc40f19e4f6fbc60&units=imperial&q=huarmey,pe HTTP/1.1" 200 447
DEBUG:urllib3.connectionpool:Starting new HTTP connection (1): api.openweathermap.org
DEBUG:urllib3.connectionpool:http://api.openweathermap.org:80 "GET /data/2.5/weather?APPID=c43bc3dde66dd14fbc40f19e4f6fbc60&units=imperial&q=denpasar,id HTTP/1.1" 200 434
DEBUG:urllib3.connectionpool:Starting new HTTP connection (1): api.openweathermap.org
DEBUG:urllib3.connectionpool:http://api.openweathermap.org:80 "GET /data/2.5/weather?APPID=c43bc3dde66dd14fbc40f19e4f6fbc60&units=imperial&q=ribeira+grande,pt HTTP/1.1" 200 468
DEBUG:urllib3.connectionpool:Starting new HTTP connection (1): api.openweathermap.org
DEBUG:urllib3.connectionpool:http://api.openweathermap.org:80 "GET /data/2.5/weather?APPID=c43bc3dde66dd14fbc40f19e4f6fbc60&units=imperial&q=hermanus,za HTTP/1.1" 200 452
DEBUG:urllib3.connectionpool:Starting new HTTP connection (1): api.openweathermap.org
DEBUG:urllib3.connectionpool:http://api.openweathermap.org:80 "GET /data/2.5/weather?APPID=c43bc3dde66dd14fbc40f19e4f6fbc60&units=imperial&q=manggar,id HTTP/1.1" 200 451
DEBUG:urllib3.connectionpool:Starting new HTTP connection (1): api.openweathermap.org
DEBUG:urllib3.connectionpool:http://api.openweathermap.org:80 "GET /data/2.5/weather?APPID=c43bc3dde66dd14fbc40f19e4f6fbc60&units=imperial&q=albany,au HTTP/1.1" 200 474
DEBUG:urllib3.connectionpool:Starting new HTTP connection (1): api.openweathermap.org
DEBUG:urllib3.connectionpool:http://api.openweathermap.org:80 "GET /data/2.5/weather?APPID=c43bc3dde66dd14fbc40f19e4f6fbc60&units=imperial&q=butaritari,ki HTTP/1.1" 200 459
DEBUG:urllib3.connectionpool:Starting new HTTP connection (1): api.openweathermap.org
DEBUG:urllib3.connectionpool:http://api.openweathermap.org:80 "GET /data/2.5/weather?APPID=c43bc3dde66dd14fbc40f19e4f6fbc60&units=imperial&q=punta+arenas,cl HTTP/1.1" 200 446
DEBUG:urllib3.connectionpool:Starting new HTTP connection (1): api.openweathermap.org
DEBUG:urllib3.connectionpool:http://api.openweathermap.org:80 "GET /data/2.5/weather?APPID=c43bc3dde66dd14fbc40f19e4f6fbc60&units=imperial&q=tilichiki,ru HTTP/1.1" 200 475
DEBUG:urllib3.connectionpool:Starting new HTTP connection (1): api.openweathermap.org
DEBUG:urllib3.connectionpool:http://api.openweathermap.org:80 "GET /data/2.5/weather?APPID=c43bc3dde66dd14fbc40f19e4f6fbc60&units=imperial&q=east+london,za HTTP/1.1" 200 468
DEBUG:urllib3.connectionpool:Starting new HTTP connection (1): api.openweathermap.org
DEBUG:urllib3.connectionpool:http://api.openweathermap.org:80 "GET /data/2.5/weather?APPID=c43bc3dde66dd14fbc40f19e4f6fbc60&units=imperial&q=kruisfontein,za HTTP/1.1" 200 461
DEBUG:urllib3.connectionpool:Starting new HTTP connection (1): api.openweathermap.org
DEBUG:urllib3.connectionpool:http://api.openweathermap.org:80 "GET /data/2.5/weather?APPID=c43bc3dde66dd14fbc40f19e4f6fbc60&units=imperial&q=cherskiy,ru HTTP/1.1" 200 453
DEBUG:urllib3.connectionpool:Starting new HTTP connection (1): api.openweathermap.org
DEBUG:urllib3.connectionpool:http://api.openweathermap.org:80 "GET /data/2.5/weather?APPID=c43bc3dde66dd14fbc40f19e4f6fbc60&units=imperial&q=busselton,au HTTP/1.1" 200 461
DEBUG:urllib3.connectionpool:Starting new HTTP connection (1): api.openweathermap.org
DEBUG:urllib3.connectionpool:http://api.openweathermap.org:80 "GET /data/2.5/weather?APPID=c43bc3dde66dd14fbc40f19e4f6fbc60&units=imperial&q=bubaque,gw HTTP/1.1" 200 443
DEBUG:urllib3.connectionpool:Starting new HTTP connection (1): api.openweathermap.org
DEBUG:urllib3.connectionpool:http://api.openweathermap.org:80 "GET /data/2.5/weather?APPID=c43bc3dde66dd14fbc40f19e4f6fbc60&units=imperial&q=fare,pf HTTP/1.1" 200 474
DEBUG:urllib3.connectionpool:Starting new HTTP connection (1): api.openweathermap.org
DEBUG:urllib3.connectionpool:http://api.openweathermap.org:80 "GET /data/2.5/weather?APPID=c43bc3dde66dd14fbc40f19e4f6fbc60&units=imperial&q=airai,pw HTTP/1.1" 404 40
DEBUG:urllib3.connectionpool:Starting new HTTP connection (1): api.openweathermap.org
DEBUG:urllib3.connectionpool:http://api.openweathermap.org:80 "GET /data/2.5/weather?APPID=c43bc3dde66dd14fbc40f19e4f6fbc60&units=imperial&q=itarema,br HTTP/1.1" 200 451
DEBUG:urllib3.connectionpool:Starting new HTTP connection (1): api.openweathermap.org
DEBUG:urllib3.connectionpool:http://api.openweathermap.org:80 "GET /data/2.5/weather?APPID=c43bc3dde66dd14fbc40f19e4f6fbc60&units=imperial&q=pierre,us HTTP/1.1" 200 441
DEBUG:urllib3.connectionpool:Starting new HTTP connection (1): api.openweathermap.org
DEBUG:urllib3.connectionpool:http://api.openweathermap.org:80 "GET /data/2.5/weather?APPID=c43bc3dde66dd14fbc40f19e4f6fbc60&units=imperial&q=rio+grande,br HTTP/1.1" 200 461
DEBUG:urllib3.connectionpool:Starting new HTTP connection (1): api.openweathermap.org
DEBUG:urllib3.connectionpool:http://api.openweathermap.org:80 "GET /data/2.5/weather?APPID=c43bc3dde66dd14fbc40f19e4f6fbc60&units=imperial&q=mys+shmidta,ru HTTP/1.1" 404 40
DEBUG:urllib3.connectionpool:Starting new HTTP connection (1): api.openweathermap.org
DEBUG:urllib3.connectionpool:http://api.openweathermap.org:80 "GET /data/2.5/weather?APPID=c43bc3dde66dd14fbc40f19e4f6fbc60&units=imperial&q=tabira,br HTTP/1.1" 200 449
DEBUG:urllib3.connectionpool:Starting new HTTP connection (1): api.openweathermap.org
DEBUG:urllib3.connectionpool:http://api.openweathermap.org:80 "GET /data/2.5/weather?APPID=c43bc3dde66dd14fbc40f19e4f6fbc60&units=imperial&q=waingapu,id HTTP/1.1" 200 451
DEBUG:urllib3.connectionpool:Starting new HTTP connection (1): api.openweathermap.org
DEBUG:urllib3.connectionpool:http://api.openweathermap.org:80 "GET /data/2.5/weather?APPID=c43bc3dde66dd14fbc40f19e4f6fbc60&units=imperial&q=severo-kurilsk,ru HTTP/1.1" 200 458
DEBUG:urllib3.connectionpool:Starting new HTTP connection (1): api.openweathermap.org
DEBUG:urllib3.connectionpool:http://api.openweathermap.org:80 "GET /data/2.5/weather?APPID=c43bc3dde66dd14fbc40f19e4f6fbc60&units=imperial&q=ola,ru HTTP/1.1" 200 438
DEBUG:urllib3.connectionpool:Starting new HTTP connection (1): api.openweathermap.org
DEBUG:urllib3.connectionpool:http://api.openweathermap.org:80 "GET /data/2.5/weather?APPID=c43bc3dde66dd14fbc40f19e4f6fbc60&units=imperial&q=mataura,pf HTTP/1.1" 404 40
DEBUG:urllib3.connectionpool:Starting new HTTP connection (1): api.openweathermap.org
DEBUG:urllib3.connectionpool:http://api.openweathermap.org:80 "GET /data/2.5/weather?APPID=c43bc3dde66dd14fbc40f19e4f6fbc60&units=imperial&q=diffa,ne HTTP/1.1" 200 446
DEBUG:urllib3.connectionpool:Starting new HTTP connection (1): api.openweathermap.org
DEBUG:urllib3.connectionpool:http://api.openweathermap.org:80 "GET /data/2.5/weather?APPID=c43bc3dde66dd14fbc40f19e4f6fbc60&units=imperial&q=hirara,jp HTTP/1.1" 200 449
DEBUG:urllib3.connectionpool:Starting new HTTP connection (1): api.openweathermap.org
DEBUG:urllib3.connectionpool:http://api.openweathermap.org:80 "GET /data/2.5/weather?APPID=c43bc3dde66dd14fbc40f19e4f6fbc60&units=imperial&q=georgetown,sh HTTP/1.1" 200 453
DEBUG:urllib3.connectionpool:Starting new HTTP connection (1): api.openweathermap.org
DEBUG:urllib3.connectionpool:http://api.openweathermap.org:80 "GET /data/2.5/weather?APPID=c43bc3dde66dd14fbc40f19e4f6fbc60&units=imperial&q=port+alfred,za HTTP/1.1" 200 453
DEBUG:urllib3.connectionpool:Starting new HTTP connection (1): api.openweathermap.org
DEBUG:urllib3.connectionpool:http://api.openweathermap.org:80 "GET /data/2.5/weather?APPID=c43bc3dde66dd14fbc40f19e4f6fbc60&units=imperial&q=hilo,us HTTP/1.1" 200 446
DEBUG:urllib3.connectionpool:Starting new HTTP connection (1): api.openweathermap.org
DEBUG:urllib3.connectionpool:http://api.openweathermap.org:80 "GET /data/2.5/weather?APPID=c43bc3dde66dd14fbc40f19e4f6fbc60&units=imperial&q=puerto+ayora,ec HTTP/1.1" 200 449
DEBUG:urllib3.connectionpool:Starting new HTTP connection (1): api.openweathermap.org
DEBUG:urllib3.connectionpool:http://api.openweathermap.org:80 "GET /data/2.5/weather?APPID=c43bc3dde66dd14fbc40f19e4f6fbc60&units=imperial&q=bereda,so HTTP/1.1" 404 40
DEBUG:urllib3.connectionpool:Starting new HTTP connection (1): api.openweathermap.org
DEBUG:urllib3.connectionpool:http://api.openweathermap.org:80 "GET /data/2.5/weather?APPID=c43bc3dde66dd14fbc40f19e4f6fbc60&units=imperial&q=leningradskiy,ru HTTP/1.1" 200 455
DEBUG:urllib3.connectionpool:Starting new HTTP connection (1): api.openweathermap.org
DEBUG:urllib3.connectionpool:http://api.openweathermap.org:80 "GET /data/2.5/weather?APPID=c43bc3dde66dd14fbc40f19e4f6fbc60&units=imperial&q=kingston,ca HTTP/1.1" 200 450
DEBUG:urllib3.connectionpool:Starting new HTTP connection (1): api.openweathermap.org
DEBUG:urllib3.connectionpool:http://api.openweathermap.org:80 "GET /data/2.5/weather?APPID=c43bc3dde66dd14fbc40f19e4f6fbc60&units=imperial&q=porto+novo,cv HTTP/1.1" 200 446
DEBUG:urllib3.connectionpool:Starting new HTTP connection (1): api.openweathermap.org
DEBUG:urllib3.connectionpool:http://api.openweathermap.org:80 "GET /data/2.5/weather?APPID=c43bc3dde66dd14fbc40f19e4f6fbc60&units=imperial&q=tadine,nc HTTP/1.1" 200 453
DEBUG:urllib3.connectionpool:Starting new HTTP connection (1): api.openweathermap.org
DEBUG:urllib3.connectionpool:http://api.openweathermap.org:80 "GET /data/2.5/weather?APPID=c43bc3dde66dd14fbc40f19e4f6fbc60&units=imperial&q=praia,cv HTTP/1.1" 200 440
DEBUG:urllib3.connectionpool:Starting new HTTP connection (1): api.openweathermap.org
DEBUG:urllib3.connectionpool:http://api.openweathermap.org:80 "GET /data/2.5/weather?APPID=c43bc3dde66dd14fbc40f19e4f6fbc60&units=imperial&q=upernavik,gl HTTP/1.1" 200 454
DEBUG:urllib3.connectionpool:Starting new HTTP connection (1): api.openweathermap.org
DEBUG:urllib3.connectionpool:http://api.openweathermap.org:80 "GET /data/2.5/weather?APPID=c43bc3dde66dd14fbc40f19e4f6fbc60&units=imperial&q=san+jeronimo,mx HTTP/1.1" 200 458
DEBUG:urllib3.connectionpool:Starting new HTTP connection (1): api.openweathermap.org
DEBUG:urllib3.connectionpool:http://api.openweathermap.org:80 "GET /data/2.5/weather?APPID=c43bc3dde66dd14fbc40f19e4f6fbc60&units=imperial&q=kaduqli,sd HTTP/1.1" 200 465
DEBUG:urllib3.connectionpool:Starting new HTTP connection (1): api.openweathermap.org
DEBUG:urllib3.connectionpool:http://api.openweathermap.org:80 "GET /data/2.5/weather?APPID=c43bc3dde66dd14fbc40f19e4f6fbc60&units=imperial&q=shulan,cn HTTP/1.1" 200 450
DEBUG:urllib3.connectionpool:Starting new HTTP connection (1): api.openweathermap.org
DEBUG:urllib3.connectionpool:http://api.openweathermap.org:80 "GET /data/2.5/weather?APPID=c43bc3dde66dd14fbc40f19e4f6fbc60&units=imperial&q=dikson,ru HTTP/1.1" 200 440
DEBUG:urllib3.connectionpool:Starting new HTTP connection (1): api.openweathermap.org
DEBUG:urllib3.connectionpool:http://api.openweathermap.org:80 "GET /data/2.5/weather?APPID=c43bc3dde66dd14fbc40f19e4f6fbc60&units=imperial&q=bluff,nz HTTP/1.1" 200 449
DEBUG:urllib3.connectionpool:Starting new HTTP connection (1): api.openweathermap.org
DEBUG:urllib3.connectionpool:http://api.openweathermap.org:80 "GET /data/2.5/weather?APPID=c43bc3dde66dd14fbc40f19e4f6fbc60&units=imperial&q=port+hardy,ca HTTP/1.1" 200 450
DEBUG:urllib3.connectionpool:Starting new HTTP connection (1): api.openweathermap.org
DEBUG:urllib3.connectionpool:http://api.openweathermap.org:80 "GET /data/2.5/weather?APPID=c43bc3dde66dd14fbc40f19e4f6fbc60&units=imperial&q=jamestown,sh HTTP/1.1" 200 460
DEBUG:urllib3.connectionpool:Starting new HTTP connection (1): api.openweathermap.org
DEBUG:urllib3.connectionpool:http://api.openweathermap.org:80 "GET /data/2.5/weather?APPID=c43bc3dde66dd14fbc40f19e4f6fbc60&units=imperial&q=torbay,ca HTTP/1.1" 200 434
DEBUG:urllib3.connectionpool:Starting new HTTP connection (1): api.openweathermap.org
DEBUG:urllib3.connectionpool:http://api.openweathermap.org:80 "GET /data/2.5/weather?APPID=c43bc3dde66dd14fbc40f19e4f6fbc60&units=imperial&q=castro,cl HTTP/1.1" 200 469
DEBUG:urllib3.connectionpool:Starting new HTTP connection (1): api.openweathermap.org
DEBUG:urllib3.connectionpool:http://api.openweathermap.org:80 "GET /data/2.5/weather?APPID=c43bc3dde66dd14fbc40f19e4f6fbc60&units=imperial&q=cape+town,za HTTP/1.1" 200 441
DEBUG:urllib3.connectionpool:Starting new HTTP connection (1): api.openweathermap.org
DEBUG:urllib3.connectionpool:http://api.openweathermap.org:80 "GET /data/2.5/weather?APPID=c43bc3dde66dd14fbc40f19e4f6fbc60&units=imperial&q=saint-philippe,re HTTP/1.1" 200 447
DEBUG:urllib3.connectionpool:Starting new HTTP connection (1): api.openweathermap.org
DEBUG:urllib3.connectionpool:http://api.openweathermap.org:80 "GET /data/2.5/weather?APPID=c43bc3dde66dd14fbc40f19e4f6fbc60&units=imperial&q=port+hueneme,us HTTP/1.1" 200 446
DEBUG:urllib3.connectionpool:Starting new HTTP connection (1): api.openweathermap.org
DEBUG:urllib3.connectionpool:http://api.openweathermap.org:80 "GET /data/2.5/weather?APPID=c43bc3dde66dd14fbc40f19e4f6fbc60&units=imperial&q=san+juan,ar HTTP/1.1" 200 449
DEBUG:urllib3.connectionpool:Starting new HTTP connection (1): api.openweathermap.org
DEBUG:urllib3.connectionpool:http://api.openweathermap.org:80 "GET /data/2.5/weather?APPID=c43bc3dde66dd14fbc40f19e4f6fbc60&units=imperial&q=kang,bw HTTP/1.1" 200 447
DEBUG:urllib3.connectionpool:Starting new HTTP connection (1): api.openweathermap.org
DEBUG:urllib3.connectionpool:http://api.openweathermap.org:80 "GET /data/2.5/weather?APPID=c43bc3dde66dd14fbc40f19e4f6fbc60&units=imperial&q=meulaboh,id HTTP/1.1" 200 460
DEBUG:urllib3.connectionpool:Starting new HTTP connection (1): api.openweathermap.org
DEBUG:urllib3.connectionpool:http://api.openweathermap.org:80 "GET /data/2.5/weather?APPID=c43bc3dde66dd14fbc40f19e4f6fbc60&units=imperial&q=mrirt,ma HTTP/1.1" 404 40
DEBUG:urllib3.connectionpool:Starting new HTTP connection (1): api.openweathermap.org
DEBUG:urllib3.connectionpool:http://api.openweathermap.org:80 "GET /data/2.5/weather?APPID=c43bc3dde66dd14fbc40f19e4f6fbc60&units=imperial&q=nikolskoye,ru HTTP/1.1" 200 440
DEBUG:urllib3.connectionpool:Starting new HTTP connection (1): api.openweathermap.org
DEBUG:urllib3.connectionpool:http://api.openweathermap.org:80 "GET /data/2.5/weather?APPID=c43bc3dde66dd14fbc40f19e4f6fbc60&units=imperial&q=waw,sd HTTP/1.1" 404 40
DEBUG:urllib3.connectionpool:Starting new HTTP connection (1): api.openweathermap.org
DEBUG:urllib3.connectionpool:http://api.openweathermap.org:80 "GET /data/2.5/weather?APPID=c43bc3dde66dd14fbc40f19e4f6fbc60&units=imperial&q=taolanaro,mg HTTP/1.1" 404 40
DEBUG:urllib3.connectionpool:Starting new HTTP connection (1): api.openweathermap.org
DEBUG:urllib3.connectionpool:http://api.openweathermap.org:80 "GET /data/2.5/weather?APPID=c43bc3dde66dd14fbc40f19e4f6fbc60&units=imperial&q=souillac,mu HTTP/1.1" 200 443
DEBUG:urllib3.connectionpool:Starting new HTTP connection (1): api.openweathermap.org
DEBUG:urllib3.connectionpool:http://api.openweathermap.org:80 "GET /data/2.5/weather?APPID=c43bc3dde66dd14fbc40f19e4f6fbc60&units=imperial&q=pevek,ru HTTP/1.1" 200 449
DEBUG:urllib3.connectionpool:Starting new HTTP connection (1): api.openweathermap.org
DEBUG:urllib3.connectionpool:http://api.openweathermap.org:80 "GET /data/2.5/weather?APPID=c43bc3dde66dd14fbc40f19e4f6fbc60&units=imperial&q=hovd,mn HTTP/1.1" 200 452
DEBUG:urllib3.connectionpool:Starting new HTTP connection (1): api.openweathermap.org
DEBUG:urllib3.connectionpool:http://api.openweathermap.org:80 "GET /data/2.5/weather?APPID=c43bc3dde66dd14fbc40f19e4f6fbc60&units=imperial&q=longyearbyen,sj HTTP/1.1" 200 432
DEBUG:urllib3.connectionpool:Starting new HTTP connection (1): api.openweathermap.org
DEBUG:urllib3.connectionpool:http://api.openweathermap.org:80 "GET /data/2.5/weather?APPID=c43bc3dde66dd14fbc40f19e4f6fbc60&units=imperial&q=bredasdorp,za HTTP/1.1" 200 428
DEBUG:urllib3.connectionpool:Starting new HTTP connection (1): api.openweathermap.org
DEBUG:urllib3.connectionpool:http://api.openweathermap.org:80 "GET /data/2.5/weather?APPID=c43bc3dde66dd14fbc40f19e4f6fbc60&units=imperial&q=klaksvik,fo HTTP/1.1" 200 444
DEBUG:urllib3.connectionpool:Starting new HTTP connection (1): api.openweathermap.org
DEBUG:urllib3.connectionpool:http://api.openweathermap.org:80 "GET /data/2.5/weather?APPID=c43bc3dde66dd14fbc40f19e4f6fbc60&units=imperial&q=zeya,ru HTTP/1.1" 200 445
DEBUG:urllib3.connectionpool:Starting new HTTP connection (1): api.openweathermap.org
DEBUG:urllib3.connectionpool:http://api.openweathermap.org:80 "GET /data/2.5/weather?APPID=c43bc3dde66dd14fbc40f19e4f6fbc60&units=imperial&q=waipawa,nz HTTP/1.1" 200 463
DEBUG:urllib3.connectionpool:Starting new HTTP connection (1): api.openweathermap.org
DEBUG:urllib3.connectionpool:http://api.openweathermap.org:80 "GET /data/2.5/weather?APPID=c43bc3dde66dd14fbc40f19e4f6fbc60&units=imperial&q=ilulissat,gl HTTP/1.1" 200 447
DEBUG:urllib3.connectionpool:Starting new HTTP connection (1): api.openweathermap.org
DEBUG:urllib3.connectionpool:http://api.openweathermap.org:80 "GET /data/2.5/weather?APPID=c43bc3dde66dd14fbc40f19e4f6fbc60&units=imperial&q=atar,mr HTTP/1.1" 200 448
DEBUG:urllib3.connectionpool:Starting new HTTP connection (1): api.openweathermap.org
DEBUG:urllib3.connectionpool:http://api.openweathermap.org:80 "GET /data/2.5/weather?APPID=c43bc3dde66dd14fbc40f19e4f6fbc60&units=imperial&q=bocaiuva,br HTTP/1.1" 200 438
DEBUG:urllib3.connectionpool:Starting new HTTP connection (1): api.openweathermap.org
DEBUG:urllib3.connectionpool:http://api.openweathermap.org:80 "GET /data/2.5/weather?APPID=c43bc3dde66dd14fbc40f19e4f6fbc60&units=imperial&q=atuona,pf HTTP/1.1" 200 453
DEBUG:urllib3.connectionpool:Starting new HTTP connection (1): api.openweathermap.org
DEBUG:urllib3.connectionpool:http://api.openweathermap.org:80 "GET /data/2.5/weather?APPID=c43bc3dde66dd14fbc40f19e4f6fbc60&units=imperial&q=najran,sa HTTP/1.1" 200 437
DEBUG:urllib3.connectionpool:Starting new HTTP connection (1): api.openweathermap.org
DEBUG:urllib3.connectionpool:http://api.openweathermap.org:80 "GET /data/2.5/weather?APPID=c43bc3dde66dd14fbc40f19e4f6fbc60&units=imperial&q=batemans+bay,au HTTP/1.1" 200 457
DEBUG:urllib3.connectionpool:Starting new HTTP connection (1): api.openweathermap.org
DEBUG:urllib3.connectionpool:http://api.openweathermap.org:80 "GET /data/2.5/weather?APPID=c43bc3dde66dd14fbc40f19e4f6fbc60&units=imperial&q=shitanjing,cn HTTP/1.1" 200 450
DEBUG:urllib3.connectionpool:Starting new HTTP connection (1): api.openweathermap.org
DEBUG:urllib3.connectionpool:http://api.openweathermap.org:80 "GET /data/2.5/weather?APPID=c43bc3dde66dd14fbc40f19e4f6fbc60&units=imperial&q=poum,nc HTTP/1.1" 200 452
DEBUG:urllib3.connectionpool:Starting new HTTP connection (1): api.openweathermap.org
DEBUG:urllib3.connectionpool:http://api.openweathermap.org:80 "GET /data/2.5/weather?APPID=c43bc3dde66dd14fbc40f19e4f6fbc60&units=imperial&q=gap,fr HTTP/1.1" 200 445
DEBUG:urllib3.connectionpool:Starting new HTTP connection (1): api.openweathermap.org
DEBUG:urllib3.connectionpool:http://api.openweathermap.org:80 "GET /data/2.5/weather?APPID=c43bc3dde66dd14fbc40f19e4f6fbc60&units=imperial&q=guerrero+negro,mx HTTP/1.1" 200 458
DEBUG:urllib3.connectionpool:Starting new HTTP connection (1): api.openweathermap.org
DEBUG:urllib3.connectionpool:http://api.openweathermap.org:80 "GET /data/2.5/weather?APPID=c43bc3dde66dd14fbc40f19e4f6fbc60&units=imperial&q=ulaanbaatar,mn HTTP/1.1" 200 437
DEBUG:urllib3.connectionpool:Starting new HTTP connection (1): api.openweathermap.org
DEBUG:urllib3.connectionpool:http://api.openweathermap.org:80 "GET /data/2.5/weather?APPID=c43bc3dde66dd14fbc40f19e4f6fbc60&units=imperial&q=ketchikan,us HTTP/1.1" 200 512
DEBUG:urllib3.connectionpool:Starting new HTTP connection (1): api.openweathermap.org
DEBUG:urllib3.connectionpool:http://api.openweathermap.org:80 "GET /data/2.5/weather?APPID=c43bc3dde66dd14fbc40f19e4f6fbc60&units=imperial&q=yellowknife,ca HTTP/1.1" 200 465
DEBUG:urllib3.connectionpool:Starting new HTTP connection (1): api.openweathermap.org
DEBUG:urllib3.connectionpool:http://api.openweathermap.org:80 "GET /data/2.5/weather?APPID=c43bc3dde66dd14fbc40f19e4f6fbc60&units=imperial&q=vardo,no HTTP/1.1" 200 468
DEBUG:urllib3.connectionpool:Starting new HTTP connection (1): api.openweathermap.org
DEBUG:urllib3.connectionpool:http://api.openweathermap.org:80 "GET /data/2.5/weather?APPID=c43bc3dde66dd14fbc40f19e4f6fbc60&units=imperial&q=nizhniy+tsasuchey,ru HTTP/1.1" 200 459
DEBUG:urllib3.connectionpool:Starting new HTTP connection (1): api.openweathermap.org
DEBUG:urllib3.connectionpool:http://api.openweathermap.org:80 "GET /data/2.5/weather?APPID=c43bc3dde66dd14fbc40f19e4f6fbc60&units=imperial&q=kapaa,us HTTP/1.1" 200 457
DEBUG:urllib3.connectionpool:Starting new HTTP connection (1): api.openweathermap.org
DEBUG:urllib3.connectionpool:http://api.openweathermap.org:80 "GET /data/2.5/weather?APPID=c43bc3dde66dd14fbc40f19e4f6fbc60&units=imperial&q=duobao,cn HTTP/1.1" 200 468
DEBUG:urllib3.connectionpool:Starting new HTTP connection (1): api.openweathermap.org
DEBUG:urllib3.connectionpool:http://api.openweathermap.org:80 "GET /data/2.5/weather?APPID=c43bc3dde66dd14fbc40f19e4f6fbc60&units=imperial&q=terrell,us HTTP/1.1" 200 438
DEBUG:urllib3.connectionpool:Starting new HTTP connection (1): api.openweathermap.org
DEBUG:urllib3.connectionpool:http://api.openweathermap.org:80 "GET /data/2.5/weather?APPID=c43bc3dde66dd14fbc40f19e4f6fbc60&units=imperial&q=esperance,au HTTP/1.1" 200 475
DEBUG:urllib3.connectionpool:Starting new HTTP connection (1): api.openweathermap.org
DEBUG:urllib3.connectionpool:http://api.openweathermap.org:80 "GET /data/2.5/weather?APPID=c43bc3dde66dd14fbc40f19e4f6fbc60&units=imperial&q=bilibino,ru HTTP/1.1" 200 450
DEBUG:urllib3.connectionpool:Starting new HTTP connection (1): api.openweathermap.org
DEBUG:urllib3.connectionpool:http://api.openweathermap.org:80 "GET /data/2.5/weather?APPID=c43bc3dde66dd14fbc40f19e4f6fbc60&units=imperial&q=sumbe,ao HTTP/1.1" 200 447
DEBUG:urllib3.connectionpool:Starting new HTTP connection (1): api.openweathermap.org
DEBUG:urllib3.connectionpool:http://api.openweathermap.org:80 "GET /data/2.5/weather?APPID=c43bc3dde66dd14fbc40f19e4f6fbc60&units=imperial&q=balotra,in HTTP/1.1" 200 452
DEBUG:urllib3.connectionpool:Starting new HTTP connection (1): api.openweathermap.org
DEBUG:urllib3.connectionpool:http://api.openweathermap.org:80 "GET /data/2.5/weather?APPID=c43bc3dde66dd14fbc40f19e4f6fbc60&units=imperial&q=qasigiannguit,gl HTTP/1.1" 200 452
DEBUG:urllib3.connectionpool:Starting new HTTP connection (1): api.openweathermap.org
DEBUG:urllib3.connectionpool:http://api.openweathermap.org:80 "GET /data/2.5/weather?APPID=c43bc3dde66dd14fbc40f19e4f6fbc60&units=imperial&q=nusaybin,tr HTTP/1.1" 200 448
DEBUG:urllib3.connectionpool:Starting new HTTP connection (1): api.openweathermap.org
DEBUG:urllib3.connectionpool:http://api.openweathermap.org:80 "GET /data/2.5/weather?APPID=c43bc3dde66dd14fbc40f19e4f6fbc60&units=imperial&q=luderitz,na HTTP/1.1" 200 460
DEBUG:urllib3.connectionpool:Starting new HTTP connection (1): api.openweathermap.org
DEBUG:urllib3.connectionpool:http://api.openweathermap.org:80 "GET /data/2.5/weather?APPID=c43bc3dde66dd14fbc40f19e4f6fbc60&units=imperial&q=sandakan,my HTTP/1.1" 200 431
DEBUG:urllib3.connectionpool:Starting new HTTP connection (1): api.openweathermap.org
DEBUG:urllib3.connectionpool:http://api.openweathermap.org:80 "GET /data/2.5/weather?APPID=c43bc3dde66dd14fbc40f19e4f6fbc60&units=imperial&q=erenhot,cn HTTP/1.1" 200 473
DEBUG:urllib3.connectionpool:Starting new HTTP connection (1): api.openweathermap.org
DEBUG:urllib3.connectionpool:http://api.openweathermap.org:80 "GET /data/2.5/weather?APPID=c43bc3dde66dd14fbc40f19e4f6fbc60&units=imperial&q=korla,cn HTTP/1.1" 200 446
DEBUG:urllib3.connectionpool:Starting new HTTP connection (1): api.openweathermap.org
DEBUG:urllib3.connectionpool:http://api.openweathermap.org:80 "GET /data/2.5/weather?APPID=c43bc3dde66dd14fbc40f19e4f6fbc60&units=imperial&q=chokurdakh,ru HTTP/1.1" 200 456
DEBUG:urllib3.connectionpool:Starting new HTTP connection (1): api.openweathermap.org
DEBUG:urllib3.connectionpool:http://api.openweathermap.org:80 "GET /data/2.5/weather?APPID=c43bc3dde66dd14fbc40f19e4f6fbc60&units=imperial&q=benjamin+constant,br HTTP/1.1" 200 451
DEBUG:urllib3.connectionpool:Starting new HTTP connection (1): api.openweathermap.org
DEBUG:urllib3.connectionpool:http://api.openweathermap.org:80 "GET /data/2.5/weather?APPID=c43bc3dde66dd14fbc40f19e4f6fbc60&units=imperial&q=sentyabrskiy,ru HTTP/1.1" 404 40
DEBUG:urllib3.connectionpool:Starting new HTTP connection (1): api.openweathermap.org
DEBUG:urllib3.connectionpool:http://api.openweathermap.org:80 "GET /data/2.5/weather?APPID=c43bc3dde66dd14fbc40f19e4f6fbc60&units=imperial&q=ngukurr,au HTTP/1.1" 404 40
DEBUG:urllib3.connectionpool:Starting new HTTP connection (1): api.openweathermap.org
DEBUG:urllib3.connectionpool:http://api.openweathermap.org:80 "GET /data/2.5/weather?APPID=c43bc3dde66dd14fbc40f19e4f6fbc60&units=imperial&q=thompson,ca HTTP/1.1" 200 447
DEBUG:urllib3.connectionpool:Starting new HTTP connection (1): api.openweathermap.org
DEBUG:urllib3.connectionpool:http://api.openweathermap.org:80 "GET /data/2.5/weather?APPID=c43bc3dde66dd14fbc40f19e4f6fbc60&units=imperial&q=qaanaaq,gl HTTP/1.1" 200 439
DEBUG:urllib3.connectionpool:Starting new HTTP connection (1): api.openweathermap.org
DEBUG:urllib3.connectionpool:http://api.openweathermap.org:80 "GET /data/2.5/weather?APPID=c43bc3dde66dd14fbc40f19e4f6fbc60&units=imperial&q=ondorhaan,mn HTTP/1.1" 404 40
DEBUG:urllib3.connectionpool:Starting new HTTP connection (1): api.openweathermap.org
DEBUG:urllib3.connectionpool:http://api.openweathermap.org:80 "GET /data/2.5/weather?APPID=c43bc3dde66dd14fbc40f19e4f6fbc60&units=imperial&q=careiro+da+varzea,br HTTP/1.1" 200 448
DEBUG:urllib3.connectionpool:Starting new HTTP connection (1): api.openweathermap.org
DEBUG:urllib3.connectionpool:http://api.openweathermap.org:80 "GET /data/2.5/weather?APPID=c43bc3dde66dd14fbc40f19e4f6fbc60&units=imperial&q=coihaique,cl HTTP/1.1" 200 448
DEBUG:urllib3.connectionpool:Starting new HTTP connection (1): api.openweathermap.org
DEBUG:urllib3.connectionpool:http://api.openweathermap.org:80 "GET /data/2.5/weather?APPID=c43bc3dde66dd14fbc40f19e4f6fbc60&units=imperial&q=marfino,ru HTTP/1.1" 200 438
DEBUG:urllib3.connectionpool:Starting new HTTP connection (1): api.openweathermap.org
DEBUG:urllib3.connectionpool:http://api.openweathermap.org:80 "GET /data/2.5/weather?APPID=c43bc3dde66dd14fbc40f19e4f6fbc60&units=imperial&q=hithadhoo,mv HTTP/1.1" 200 460
DEBUG:urllib3.connectionpool:Starting new HTTP connection (1): api.openweathermap.org
DEBUG:urllib3.connectionpool:http://api.openweathermap.org:80 "GET /data/2.5/weather?APPID=c43bc3dde66dd14fbc40f19e4f6fbc60&units=imperial&q=eyl,so HTTP/1.1" 200 442
DEBUG:urllib3.connectionpool:Starting new HTTP connection (1): api.openweathermap.org
DEBUG:urllib3.connectionpool:http://api.openweathermap.org:80 "GET /data/2.5/weather?APPID=c43bc3dde66dd14fbc40f19e4f6fbc60&units=imperial&q=kavaratti,in HTTP/1.1" 200 448
DEBUG:urllib3.connectionpool:Starting new HTTP connection (1): api.openweathermap.org
DEBUG:urllib3.connectionpool:http://api.openweathermap.org:80 "GET /data/2.5/weather?APPID=c43bc3dde66dd14fbc40f19e4f6fbc60&units=imperial&q=umzimvubu,za HTTP/1.1" 404 40
DEBUG:urllib3.connectionpool:Starting new HTTP connection (1): api.openweathermap.org
DEBUG:urllib3.connectionpool:http://api.openweathermap.org:80 "GET /data/2.5/weather?APPID=c43bc3dde66dd14fbc40f19e4f6fbc60&units=imperial&q=zalantun,cn HTTP/1.1" 200 470
DEBUG:urllib3.connectionpool:Starting new HTTP connection (1): api.openweathermap.org
DEBUG:urllib3.connectionpool:http://api.openweathermap.org:80 "GET /data/2.5/weather?APPID=c43bc3dde66dd14fbc40f19e4f6fbc60&units=imperial&q=luau,ao HTTP/1.1" 200 442
DEBUG:urllib3.connectionpool:Starting new HTTP connection (1): api.openweathermap.org
DEBUG:urllib3.connectionpool:http://api.openweathermap.org:80 "GET /data/2.5/weather?APPID=c43bc3dde66dd14fbc40f19e4f6fbc60&units=imperial&q=ponta+do+sol,cv HTTP/1.1" 200 462
DEBUG:urllib3.connectionpool:Starting new HTTP connection (1): api.openweathermap.org
DEBUG:urllib3.connectionpool:http://api.openweathermap.org:80 "GET /data/2.5/weather?APPID=c43bc3dde66dd14fbc40f19e4f6fbc60&units=imperial&q=saskylakh,ru HTTP/1.1" 200 441
DEBUG:urllib3.connectionpool:Starting new HTTP connection (1): api.openweathermap.org
DEBUG:urllib3.connectionpool:http://api.openweathermap.org:80 "GET /data/2.5/weather?APPID=c43bc3dde66dd14fbc40f19e4f6fbc60&units=imperial&q=didi+lilo,ge HTTP/1.1" 200 450
DEBUG:urllib3.connectionpool:Starting new HTTP connection (1): api.openweathermap.org
DEBUG:urllib3.connectionpool:http://api.openweathermap.org:80 "GET /data/2.5/weather?APPID=c43bc3dde66dd14fbc40f19e4f6fbc60&units=imperial&q=vaitupu,wf HTTP/1.1" 404 40
DEBUG:urllib3.connectionpool:Starting new HTTP connection (1): api.openweathermap.org
DEBUG:urllib3.connectionpool:http://api.openweathermap.org:80 "GET /data/2.5/weather?APPID=c43bc3dde66dd14fbc40f19e4f6fbc60&units=imperial&q=khatanga,ru HTTP/1.1" 200 456
DEBUG:urllib3.connectionpool:Starting new HTTP connection (1): api.openweathermap.org
DEBUG:urllib3.connectionpool:http://api.openweathermap.org:80 "GET /data/2.5/weather?APPID=c43bc3dde66dd14fbc40f19e4f6fbc60&units=imperial&q=camargo,bo HTTP/1.1" 200 454
DEBUG:urllib3.connectionpool:Starting new HTTP connection (1): api.openweathermap.org
DEBUG:urllib3.connectionpool:http://api.openweathermap.org:80 "GET /data/2.5/weather?APPID=c43bc3dde66dd14fbc40f19e4f6fbc60&units=imperial&q=carnarvon,au HTTP/1.1" 200 474
DEBUG:urllib3.connectionpool:Starting new HTTP connection (1): api.openweathermap.org
DEBUG:urllib3.connectionpool:http://api.openweathermap.org:80 "GET /data/2.5/weather?APPID=c43bc3dde66dd14fbc40f19e4f6fbc60&units=imperial&q=husavik,is HTTP/1.1" 200 451
DEBUG:urllib3.connectionpool:Starting new HTTP connection (1): api.openweathermap.org
DEBUG:urllib3.connectionpool:http://api.openweathermap.org:80 "GET /data/2.5/weather?APPID=c43bc3dde66dd14fbc40f19e4f6fbc60&units=imperial&q=kaitangata,nz HTTP/1.1" 200 463
DEBUG:urllib3.connectionpool:Starting new HTTP connection (1): api.openweathermap.org
DEBUG:urllib3.connectionpool:http://api.openweathermap.org:80 "GET /data/2.5/weather?APPID=c43bc3dde66dd14fbc40f19e4f6fbc60&units=imperial&q=sao+joao+da+barra,br HTTP/1.1" 200 465
DEBUG:urllib3.connectionpool:Starting new HTTP connection (1): api.openweathermap.org
